0 info it worked if it ends with ok
1 verbose cli [ '/var/lib/openshift/c30abbfdb4ef4f868c7626368035f6ce/app-root/data//bin/node-openshift-v8',
1 verbose cli   '/var/lib/stickshift/c30abbfdb4ef4f868c7626368035f6ce/app-root/data/lib/node_modules/npm/bin/npm-cli.js',
1 verbose cli   'publish' ]
2 info using npm@1.1.62
3 info using node@v0.8.9
4 verbose node symlink /var/lib/openshift/c30abbfdb4ef4f868c7626368035f6ce/app-root/data//bin/node-openshift-v8
5 verbose publish [ '.' ]
6 verbose read json /var/lib/stickshift/c30abbfdb4ef4f868c7626368035f6ce/app-root/data/400546/package.json
7 verbose cache add [ '.', null ]
8 silly cache add name=undefined spec="." args=[".",null]
9 verbose parsed url { pathname: '.', path: '.', href: '.' }
10 silly lockFile 3a52ce78- .
11 verbose lock . /var/lib/openshift/c30abbfdb4ef4f868c7626368035f6ce/app-root/data/.npm/3a52ce78-.lock
12 verbose read json package.json
13 verbose tar pack [ '/var/lib/openshift/c30abbfdb4ef4f868c7626368035f6ce/app-root/data/tmp/npm-21615/1360354794360-0.6173362277913839/tmp.tgz',
13 verbose tar pack   '.' ]
14 verbose tarball /var/lib/openshift/c30abbfdb4ef4f868c7626368035f6ce/app-root/data/tmp/npm-21615/1360354794360-0.6173362277913839/tmp.tgz
15 verbose folder .
16 info prepublish simple-logger@0.5.0
17 silly lockFile d0a27dc1-94360-0-6173362277913839-tmp-tgz /var/lib/openshift/c30abbfdb4ef4f868c7626368035f6ce/app-root/data/tmp/npm-21615/1360354794360-0.6173362277913839/tmp.tgz
18 verbose lock /var/lib/openshift/c30abbfdb4ef4f868c7626368035f6ce/app-root/data/tmp/npm-21615/1360354794360-0.6173362277913839/tmp.tgz /var/lib/openshift/c30abbfdb4ef4f868c7626368035f6ce/app-root/data/.npm/d0a27dc1-94360-0-6173362277913839-tmp-tgz.lock
19 silly lockFile d0a27dc1-94360-0-6173362277913839-tmp-tgz /var/lib/openshift/c30abbfdb4ef4f868c7626368035f6ce/app-root/data/tmp/npm-21615/1360354794360-0.6173362277913839/tmp.tgz
20 verbose tar unpack /var/lib/openshift/c30abbfdb4ef4f868c7626368035f6ce/app-root/data/tmp/npm-21615/1360354794360-0.6173362277913839/tmp.tgz
21 silly lockFile fc6fa5ed-94360-0-6173362277913839-package /var/lib/openshift/c30abbfdb4ef4f868c7626368035f6ce/app-root/data/tmp/npm-21615/1360354794360-0.6173362277913839/package
22 verbose lock /var/lib/openshift/c30abbfdb4ef4f868c7626368035f6ce/app-root/data/tmp/npm-21615/1360354794360-0.6173362277913839/package /var/lib/openshift/c30abbfdb4ef4f868c7626368035f6ce/app-root/data/.npm/fc6fa5ed-94360-0-6173362277913839-package.lock
23 silly gunzTarPerm modes [ '755', '644' ]
24 silly gunzTarPerm extractEntry package.json
25 silly gunzTarPerm modified mode [ 'package.json', 416, 420 ]
26 silly gunzTarPerm extractEntry .npmignore
27 silly gunzTarPerm extractEntry README.md
28 silly gunzTarPerm modified mode [ 'README.md', 436, 420 ]
29 silly gunzTarPerm extractEntry LICENSE
30 silly gunzTarPerm modified mode [ 'LICENSE', 416, 420 ]
31 silly gunzTarPerm extractEntry tests/simple-logger-tests.js
32 silly gunzTarPerm modified mode [ 'tests/simple-logger-tests.js', 416, 420 ]
33 silly gunzTarPerm extractEntry lib/simple_logger.js
34 silly gunzTarPerm modified mode [ 'lib/simple_logger.js', 416, 420 ]
35 verbose read json /var/lib/openshift/c30abbfdb4ef4f868c7626368035f6ce/app-root/data/tmp/npm-21615/1360354794360-0.6173362277913839/package/package.json
36 silly lockFile fc6fa5ed-94360-0-6173362277913839-package /var/lib/openshift/c30abbfdb4ef4f868c7626368035f6ce/app-root/data/tmp/npm-21615/1360354794360-0.6173362277913839/package
37 verbose from cache /var/lib/openshift/c30abbfdb4ef4f868c7626368035f6ce/app-root/data/tmp/npm-21615/1360354794360-0.6173362277913839/package/package.json
38 verbose tar pack [ '/var/lib/openshift/c30abbfdb4ef4f868c7626368035f6ce/app-root/data/.npm/simple-logger/0.5.0/package.tgz',
38 verbose tar pack   '/var/lib/openshift/c30abbfdb4ef4f868c7626368035f6ce/app-root/data/tmp/npm-21615/1360354794360-0.6173362277913839/package' ]
39 verbose tarball /var/lib/openshift/c30abbfdb4ef4f868c7626368035f6ce/app-root/data/.npm/simple-logger/0.5.0/package.tgz
40 verbose folder /var/lib/openshift/c30abbfdb4ef4f868c7626368035f6ce/app-root/data/tmp/npm-21615/1360354794360-0.6173362277913839/package
41 silly lockFile 50a5c132--simple-logger-0-5-0-package-tgz /var/lib/openshift/c30abbfdb4ef4f868c7626368035f6ce/app-root/data/.npm/simple-logger/0.5.0/package.tgz
42 verbose lock /var/lib/openshift/c30abbfdb4ef4f868c7626368035f6ce/app-root/data/.npm/simple-logger/0.5.0/package.tgz /var/lib/openshift/c30abbfdb4ef4f868c7626368035f6ce/app-root/data/.npm/50a5c132--simple-logger-0-5-0-package-tgz.lock
43 silly lockFile 50a5c132--simple-logger-0-5-0-package-tgz /var/lib/openshift/c30abbfdb4ef4f868c7626368035f6ce/app-root/data/.npm/simple-logger/0.5.0/package.tgz
44 silly lockFile 68c369d8--npm-simple-logger-0-5-0-package /var/lib/openshift/c30abbfdb4ef4f868c7626368035f6ce/app-root/data/.npm/simple-logger/0.5.0/package
45 verbose lock /var/lib/openshift/c30abbfdb4ef4f868c7626368035f6ce/app-root/data/.npm/simple-logger/0.5.0/package /var/lib/openshift/c30abbfdb4ef4f868c7626368035f6ce/app-root/data/.npm/68c369d8--npm-simple-logger-0-5-0-package.lock
46 silly lockFile 68c369d8--npm-simple-logger-0-5-0-package /var/lib/openshift/c30abbfdb4ef4f868c7626368035f6ce/app-root/data/.npm/simple-logger/0.5.0/package
47 verbose tar unpack /var/lib/openshift/c30abbfdb4ef4f868c7626368035f6ce/app-root/data/.npm/simple-logger/0.5.0/package.tgz
48 silly lockFile 68c369d8--npm-simple-logger-0-5-0-package /var/lib/openshift/c30abbfdb4ef4f868c7626368035f6ce/app-root/data/.npm/simple-logger/0.5.0/package
49 verbose lock /var/lib/openshift/c30abbfdb4ef4f868c7626368035f6ce/app-root/data/.npm/simple-logger/0.5.0/package /var/lib/openshift/c30abbfdb4ef4f868c7626368035f6ce/app-root/data/.npm/68c369d8--npm-simple-logger-0-5-0-package.lock
50 silly gunzTarPerm modes [ '755', '644' ]
51 silly gunzTarPerm extractEntry package.json
52 silly gunzTarPerm extractEntry .npmignore
53 silly gunzTarPerm extractEntry README.md
54 silly gunzTarPerm extractEntry LICENSE
55 silly gunzTarPerm extractEntry tests/simple-logger-tests.js
56 silly gunzTarPerm extractEntry lib/simple_logger.js
57 verbose read json /var/lib/openshift/c30abbfdb4ef4f868c7626368035f6ce/app-root/data/.npm/simple-logger/0.5.0/package/package.json
58 silly lockFile 68c369d8--npm-simple-logger-0-5-0-package /var/lib/openshift/c30abbfdb4ef4f868c7626368035f6ce/app-root/data/.npm/simple-logger/0.5.0/package
59 silly shasum updated bytes 6579
60 info shasum 5d975393f4770ebc985cea09a07fc7190273294a
60 info shasum /var/lib/openshift/c30abbfdb4ef4f868c7626368035f6ce/app-root/data/.npm/simple-logger/0.5.0/package.tgz
61 verbose from cache /var/lib/openshift/c30abbfdb4ef4f868c7626368035f6ce/app-root/data/.npm/simple-logger/0.5.0/package/package.json
62 verbose chmod /var/lib/openshift/c30abbfdb4ef4f868c7626368035f6ce/app-root/data/.npm/simple-logger/0.5.0/package.tgz 644
63 verbose chown /var/lib/openshift/c30abbfdb4ef4f868c7626368035f6ce/app-root/data/.npm/simple-logger/0.5.0/package.tgz [ 3685, 3685 ]
64 silly lockFile 3a52ce78- .
65 silly publish { name: 'simple-logger',
65 silly publish   description: 'A simple logging utility that uses events to customize and extend logging responses.',
65 silly publish   tags: [ 'logging', 'logs', 'ghiraldi' ],
65 silly publish   version: '0.5.0',
65 silly publish   author: { name: 'John O\'Connor', email: 'sax1johno@gmail.com' },
65 silly publish   directories: { lib: 'lib' },
65 silly publish   main: './lib/simple_logger',
65 silly publish   dependencies: { underscore: '*', nodeunit: '*' },
65 silly publish   devDependencies: {},
65 silly publish   repository:
65 silly publish    { type: 'git',
65 silly publish      url: 'https://github.com/sax1johno/simple-logger.git' },
65 silly publish   _id: 'simple-logger@0.5.0',
65 silly publish   _from: 'simple_logger@0.5.0',
65 silly publish   readme: 'simple-logger\n=============\n\nA simple logging utility that uses event emitters to extend and customize log responses.\n\n#I\'m on Cloud9!\nJoin my public development workspace for this project at http://c9.io/sax1johno/simple-logger\n\n#COPYRIGHT AND LICENSE\nCopyright (C) 2012, John O\'Connor\n\nThis project is licensed under the Mozilla Public License (MPL) Version 2.0, found in the LICENSE file or at http://mozilla.org/MPL/2.0/.\n',
65 silly publish   dist: { shasum: '5d975393f4770ebc985cea09a07fc7190273294a' } }
66 verbose url raw simple-logger
67 verbose url resolving [ 'https://registry.npmjs.org/', './simple-logger' ]
68 verbose url resolved https://registry.npmjs.org/simple-logger
69 info trying registry request attempt 1 at 15:19:55
70 http PUT https://registry.npmjs.org/simple-logger
71 http 409 https://registry.npmjs.org/simple-logger
72 verbose url raw simple-logger
73 verbose url resolving [ 'https://registry.npmjs.org/', './simple-logger' ]
74 verbose url resolved https://registry.npmjs.org/simple-logger
75 info trying registry request attempt 1 at 15:19:56
76 http GET https://registry.npmjs.org/simple-logger
77 http 200 https://registry.npmjs.org/simple-logger
78 verbose url raw simple-logger/0.5.0/-tag/latest
79 verbose url resolving [ 'https://registry.npmjs.org/',
79 verbose url resolving   './simple-logger/0.5.0/-tag/latest' ]
80 verbose url resolved https://registry.npmjs.org/simple-logger/0.5.0/-tag/latest
81 info trying registry request attempt 1 at 15:19:56
82 http PUT https://registry.npmjs.org/simple-logger/0.5.0/-tag/latest
83 http 403 https://registry.npmjs.org/simple-logger/0.5.0/-tag/latest
84 error publish Error sending version data
85 error Error: forbidden user: sax1johno not authorized to modify simple-logger
85 error Changed: description "A simple logging package to colorize logging standard output" -> "A simple logging utility that uses events to customize and extend logging responses."
85 error Changed: dist-tags.latest "1.0.1" -> "0.5.0"
85 error Added: versions.0.5.0
85 error Changed: time.modified "2012-03-24T06:10:39.829Z" -> "2013-02-08T20:18:05.520Z"
85 error Added: time.0.5.0
85 error Changed: author.name "Andrew Ray" -> "John O'Connor"
85 error Added: author.email
85 error Changed: repository.url "git://github.com/DelvarWorld/Simple-Node-Logger.git" -> "https://github.com/sax1johno/simple-logger.git": simple-logger/0.5.0/-tag/latest
85 error     at RegClient.<anonymous> (/var/lib/stickshift/c30abbfdb4ef4f868c7626368035f6ce/app-root/data/lib/node_modules/npm/node_modules/npm-registry-client/lib/request.js:259:14)
85 error     at Request.init.self.callback (/var/lib/stickshift/c30abbfdb4ef4f868c7626368035f6ce/app-root/data/lib/node_modules/npm/node_modules/request/main.js:120:22)
85 error     at Request.EventEmitter.emit (events.js:91:17)
85 error     at Request.<anonymous> (/var/lib/stickshift/c30abbfdb4ef4f868c7626368035f6ce/app-root/data/lib/node_modules/npm/node_modules/request/main.js:648:16)
85 error     at Request.EventEmitter.emit (events.js:115:20)
85 error     at IncomingMessage.Request.start.self.req.self.httpModule.request.buffer (/var/lib/stickshift/c30abbfdb4ef4f868c7626368035f6ce/app-root/data/lib/node_modules/npm/node_modules/request/main.js:610:14)
85 error     at IncomingMessage.EventEmitter.emit (events.js:115:20)
85 error     at IncomingMessage._emitEnd (http.js:366:10)
85 error     at HTTPParser.parserOnMessageComplete [as onMessageComplete] (http.js:149:23)
85 error     at CleartextStream.socketOnData [as ondata] (http.js:1366:20)
86 error If you need help, you may report this log at:
86 error     <http://github.com/isaacs/npm/issues>
86 error or email it to:
86 error     <npm-@googlegroups.com>
87 error System Linux 2.6.32-279.19.1.el6.x86_64
88 error command "/var/lib/openshift/c30abbfdb4ef4f868c7626368035f6ce/app-root/data//bin/node-openshift-v8" "/var/lib/stickshift/c30abbfdb4ef4f868c7626368035f6ce/app-root/data/lib/node_modules/npm/bin/npm-cli.js" "publish"
89 error cwd /var/lib/stickshift/c30abbfdb4ef4f868c7626368035f6ce/app-root/data/400546
90 error node -v v0.8.9
91 error npm -v 1.1.62
92 verbose exit [ 1, true ]
